[2019-02-04 14:13:45.284] [exthost] [info] extension host started
[2019-02-04 14:13:45.324] [exthost] [info] ExtensionService#_doActivateExtension vscode.debug-auto-launch {"startup":true,"activationEvent":"*"}
[2019-02-04 14:13:45.324] [exthost] [info] ExtensionService#loadCommonJSModule /usr/share/code/resources/app/extensions/debug-auto-launch/dist/extension
[2019-02-04 14:13:45.335] [exthost] [info] ExtensionService#_doActivateExtension vscode.emmet {"startup":true,"activationEvent":"*"}
[2019-02-04 14:13:45.335] [exthost] [info] ExtensionService#loadCommonJSModule /usr/share/code/resources/app/extensions/emmet/dist/extension
[2019-02-04 14:13:45.347] [exthost] [info] ExtensionService#_doActivateExtension vscode.git {"startup":true,"activationEvent":"*"}
[2019-02-04 14:13:45.347] [exthost] [info] ExtensionService#loadCommonJSModule /usr/share/code/resources/app/extensions/git/dist/main
[2019-02-04 14:13:45.398] [exthost] [info] ExtensionService#_doActivateExtension vscode.merge-conflict {"startup":true,"activationEvent":"*"}
[2019-02-04 14:13:45.399] [exthost] [info] ExtensionService#loadCommonJSModule /usr/share/code/resources/app/extensions/merge-conflict/dist/extension
[2019-02-04 14:13:45.406] [exthost] [info] ExtensionService#_doActivateExtension Equinusocio.vsc-material-theme {"startup":true,"activationEvent":"*"}
[2019-02-04 14:13:45.406] [exthost] [info] ExtensionService#loadCommonJSModule /home/t0thkr1s/.vscode/extensions/equinusocio.vsc-material-theme-2.6.3/extensions/material.theme.config.js
[2019-02-04 14:13:45.436] [exthost] [info] ExtensionService#_doActivateExtension PKief.material-icon-theme {"startup":true,"activationEvent":"*"}
[2019-02-04 14:13:45.436] [exthost] [info] ExtensionService#loadCommonJSModule /home/t0thkr1s/.vscode/extensions/pkief.material-icon-theme-3.6.2/out/src/extension
[2019-02-04 14:13:45.516] [exthost] [info] ExtensionService#_doActivateExtension WakaTime.vscode-wakatime {"startup":true,"activationEvent":"*"}
[2019-02-04 14:13:45.516] [exthost] [info] ExtensionService#loadCommonJSModule /home/t0thkr1s/.vscode/extensions/wakatime.vscode-wakatime-1.2.5/out/extension
[2019-02-04 14:13:45.519] [exthost] [info] ExtensionService#_doActivateExtension James-Yu.latex-workshop {"startup":false,"activationEvent":"onLanguage:latex"}
[2019-02-04 14:13:45.519] [exthost] [info] ExtensionService#loadCommonJSModule /home/t0thkr1s/.vscode/extensions/james-yu.latex-workshop-5.21.0/out/src/main.js
[2019-02-04 14:13:45.569] [exthost] [info] eager extensions activated
[2019-02-04 14:21:57.496] [exthost] [info] extension host started
[2019-02-04 14:21:57.539] [exthost] [info] ExtensionService#_doActivateExtension vscode.debug-auto-launch {"startup":true,"activationEvent":"*"}
[2019-02-04 14:21:57.539] [exthost] [info] ExtensionService#loadCommonJSModule /usr/share/code/resources/app/extensions/debug-auto-launch/dist/extension
[2019-02-04 14:21:57.544] [exthost] [info] ExtensionService#_doActivateExtension vscode.emmet {"startup":true,"activationEvent":"*"}
[2019-02-04 14:21:57.544] [exthost] [info] ExtensionService#loadCommonJSModule /usr/share/code/resources/app/extensions/emmet/dist/extension
[2019-02-04 14:21:57.555] [exthost] [info] ExtensionService#_doActivateExtension vscode.git {"startup":true,"activationEvent":"*"}
[2019-02-04 14:21:57.555] [exthost] [info] ExtensionService#loadCommonJSModule /usr/share/code/resources/app/extensions/git/dist/main
[2019-02-04 14:21:57.619] [exthost] [info] ExtensionService#_doActivateExtension vscode.merge-conflict {"startup":true,"activationEvent":"*"}
[2019-02-04 14:21:57.619] [exthost] [info] ExtensionService#loadCommonJSModule /usr/share/code/resources/app/extensions/merge-conflict/dist/extension
[2019-02-04 14:21:57.623] [exthost] [info] ExtensionService#_doActivateExtension Equinusocio.vsc-material-theme {"startup":true,"activationEvent":"*"}
[2019-02-04 14:21:57.624] [exthost] [info] ExtensionService#loadCommonJSModule /home/t0thkr1s/.vscode/extensions/equinusocio.vsc-material-theme-2.6.3/extensions/material.theme.config.js
[2019-02-04 14:21:57.643] [exthost] [info] ExtensionService#_doActivateExtension PKief.material-icon-theme {"startup":true,"activationEvent":"*"}
[2019-02-04 14:21:57.643] [exthost] [info] ExtensionService#loadCommonJSModule /home/t0thkr1s/.vscode/extensions/pkief.material-icon-theme-3.6.2/out/src/extension
[2019-02-04 14:21:57.709] [exthost] [info] ExtensionService#_doActivateExtension WakaTime.vscode-wakatime {"startup":true,"activationEvent":"*"}
[2019-02-04 14:21:57.709] [exthost] [info] ExtensionService#loadCommonJSModule /home/t0thkr1s/.vscode/extensions/wakatime.vscode-wakatime-1.2.5/out/extension
[2019-02-04 14:21:57.711] [exthost] [info] ExtensionService#_doActivateExtension James-Yu.latex-workshop {"startup":false,"activationEvent":"onLanguage:latex"}
[2019-02-04 14:21:57.711] [exthost] [info] ExtensionService#loadCommonJSModule /home/t0thkr1s/.vscode/extensions/james-yu.latex-workshop-5.21.0/out/src/main.js
[2019-02-04 14:21:57.757] [exthost] [info] eager extensions activated
[2019-02-04 14:22:38.419] [exthost] [info] extension host started
[2019-02-04 14:22:38.478] [exthost] [info] ExtensionService#_doActivateExtension vscode.debug-auto-launch {"startup":true,"activationEvent":"*"}
[2019-02-04 14:22:38.478] [exthost] [info] ExtensionService#loadCommonJSModule /usr/share/code/resources/app/extensions/debug-auto-launch/dist/extension
[2019-02-04 14:22:38.481] [exthost] [info] ExtensionService#_doActivateExtension vscode.emmet {"startup":true,"activationEvent":"*"}
[2019-02-04 14:22:38.481] [exthost] [info] ExtensionService#loadCommonJSModule /usr/share/code/resources/app/extensions/emmet/dist/extension
[2019-02-04 14:22:38.488] [exthost] [info] ExtensionService#_doActivateExtension vscode.git {"startup":true,"activationEvent":"*"}
[2019-02-04 14:22:38.488] [exthost] [info] ExtensionService#loadCommonJSModule /usr/share/code/resources/app/extensions/git/dist/main
[2019-02-04 14:22:38.537] [exthost] [info] ExtensionService#_doActivateExtension vscode.merge-conflict {"startup":true,"activationEvent":"*"}
[2019-02-04 14:22:38.537] [exthost] [info] ExtensionService#loadCommonJSModule /usr/share/code/resources/app/extensions/merge-conflict/dist/extension
[2019-02-04 14:22:38.542] [exthost] [info] ExtensionService#_doActivateExtension Equinusocio.vsc-material-theme {"startup":true,"activationEvent":"*"}
[2019-02-04 14:22:38.542] [exthost] [info] ExtensionService#loadCommonJSModule /home/t0thkr1s/.vscode/extensions/equinusocio.vsc-material-theme-2.6.3/extensions/material.theme.config.js
[2019-02-04 14:22:38.559] [exthost] [info] ExtensionService#_doActivateExtension PKief.material-icon-theme {"startup":true,"activationEvent":"*"}
[2019-02-04 14:22:38.559] [exthost] [info] ExtensionService#loadCommonJSModule /home/t0thkr1s/.vscode/extensions/pkief.material-icon-theme-3.6.2/out/src/extension
[2019-02-04 14:22:38.608] [exthost] [info] ExtensionService#_doActivateExtension WakaTime.vscode-wakatime {"startup":true,"activationEvent":"*"}
[2019-02-04 14:22:38.608] [exthost] [info] ExtensionService#loadCommonJSModule /home/t0thkr1s/.vscode/extensions/wakatime.vscode-wakatime-1.2.5/out/extension
[2019-02-04 14:22:38.612] [exthost] [info] ExtensionService#_doActivateExtension James-Yu.latex-workshop {"startup":false,"activationEvent":"onLanguage:latex"}
[2019-02-04 14:22:38.612] [exthost] [info] ExtensionService#loadCommonJSModule /home/t0thkr1s/.vscode/extensions/james-yu.latex-workshop-5.21.0/out/src/main.js
[2019-02-04 14:22:38.659] [exthost] [info] eager extensions activated
[2019-02-04 14:24:47.123] [exthost] [info] ExtensionService#_doActivateExtension vscode.configuration-editing {"startup":false,"activationEvent":"onLanguage:jsonc"}
[2019-02-04 14:24:47.123] [exthost] [info] ExtensionService#loadCommonJSModule /usr/share/code/resources/app/extensions/configuration-editing/dist/extension
[2019-02-04 14:24:47.126] [exthost] [info] ExtensionService#_doActivateExtension vscode.json-language-features {"startup":false,"activationEvent":"onLanguage:jsonc"}
[2019-02-04 14:24:47.126] [exthost] [info] ExtensionService#loadCommonJSModule /usr/share/code/resources/app/extensions/json-language-features/client/dist/jsonMain
[2019-02-04 14:24:47.143] [exthost] [info] ExtensionService#_doActivateExtension vscode.typescript-language-features {"startup":false,"activationEvent":"onLanguage:jsonc"}
[2019-02-04 14:24:47.143] [exthost] [info] ExtensionService#loadCommonJSModule /usr/share/code/resources/app/extensions/typescript-language-features/dist/extension
