[2019-02-04 13:02:26.498] [exthost] [info] extension host started
[2019-02-04 13:02:26.527] [exthost] [info] ExtensionService#_doActivateExtension vscode.debug-auto-launch {"startup":true,"activationEvent":"*"}
[2019-02-04 13:02:26.527] [exthost] [info] ExtensionService#loadCommonJSModule /usr/share/code/resources/app/extensions/debug-auto-launch/dist/extension
[2019-02-04 13:02:26.532] [exthost] [info] ExtensionService#_doActivateExtension vscode.emmet {"startup":true,"activationEvent":"*"}
[2019-02-04 13:02:26.532] [exthost] [info] ExtensionService#loadCommonJSModule /usr/share/code/resources/app/extensions/emmet/dist/extension
[2019-02-04 13:02:26.540] [exthost] [info] ExtensionService#_doActivateExtension vscode.git {"startup":true,"activationEvent":"*"}
[2019-02-04 13:02:26.540] [exthost] [info] ExtensionService#loadCommonJSModule /usr/share/code/resources/app/extensions/git/dist/main
[2019-02-04 13:02:26.576] [exthost] [info] ExtensionService#_doActivateExtension vscode.merge-conflict {"startup":true,"activationEvent":"*"}
[2019-02-04 13:02:26.576] [exthost] [info] ExtensionService#loadCommonJSModule /usr/share/code/resources/app/extensions/merge-conflict/dist/extension
[2019-02-04 13:02:26.584] [exthost] [info] ExtensionService#_doActivateExtension Equinusocio.vsc-material-theme {"startup":true,"activationEvent":"*"}
[2019-02-04 13:02:26.584] [exthost] [info] ExtensionService#loadCommonJSModule /home/t0thkr1s/.vscode/extensions/equinusocio.vsc-material-theme-2.6.3/extensions/material.theme.config.js
[2019-02-04 13:02:26.603] [exthost] [info] ExtensionService#_doActivateExtension Gruntfuggly.activitusbar {"startup":true,"activationEvent":"*"}
[2019-02-04 13:02:26.603] [exthost] [info] ExtensionService#loadCommonJSModule /home/t0thkr1s/.vscode/extensions/gruntfuggly.activitusbar-0.0.16/extension
[2019-02-04 13:02:26.607] [exthost] [info] ExtensionService#_doActivateExtension PKief.material-icon-theme {"startup":true,"activationEvent":"*"}
[2019-02-04 13:02:26.607] [exthost] [info] ExtensionService#loadCommonJSModule /home/t0thkr1s/.vscode/extensions/pkief.material-icon-theme-3.6.2/out/src/extension
[2019-02-04 13:02:26.698] [exthost] [info] ExtensionService#_doActivateExtension Shan.code-settings-sync {"startup":true,"activationEvent":"*"}
[2019-02-04 13:02:26.698] [exthost] [info] ExtensionService#loadCommonJSModule /home/t0thkr1s/.vscode/extensions/shan.code-settings-sync-3.2.4/out/extension.js
[2019-02-04 13:02:26.760] [exthost] [info] ExtensionService#_doActivateExtension WakaTime.vscode-wakatime {"startup":true,"activationEvent":"*"}
[2019-02-04 13:02:26.760] [exthost] [info] ExtensionService#loadCommonJSModule /home/t0thkr1s/.vscode/extensions/wakatime.vscode-wakatime-1.2.5/out/extension
[2019-02-04 13:02:26.763] [exthost] [info] ExtensionService#_doActivateExtension James-Yu.latex-workshop {"startup":false,"activationEvent":"onLanguage:latex"}
[2019-02-04 13:02:26.763] [exthost] [info] ExtensionService#loadCommonJSModule /home/t0thkr1s/.vscode/extensions/james-yu.latex-workshop-5.21.0/out/src/main.js
[2019-02-04 13:02:26.797] [exthost] [info] eager extensions activated
[2019-02-04 13:15:54.199] [exthost] [info] extension host started
[2019-02-04 13:15:54.223] [exthost] [info] ExtensionService#_doActivateExtension vscode.debug-auto-launch {"startup":true,"activationEvent":"*"}
[2019-02-04 13:15:54.223] [exthost] [info] ExtensionService#loadCommonJSModule /usr/share/code/resources/app/extensions/debug-auto-launch/dist/extension
[2019-02-04 13:15:54.225] [exthost] [info] ExtensionService#_doActivateExtension vscode.emmet {"startup":true,"activationEvent":"*"}
[2019-02-04 13:15:54.225] [exthost] [info] ExtensionService#loadCommonJSModule /usr/share/code/resources/app/extensions/emmet/dist/extension
[2019-02-04 13:15:54.228] [exthost] [info] ExtensionService#_doActivateExtension vscode.git {"startup":true,"activationEvent":"*"}
[2019-02-04 13:15:54.228] [exthost] [info] ExtensionService#loadCommonJSModule /usr/share/code/resources/app/extensions/git/dist/main
[2019-02-04 13:15:54.267] [exthost] [info] ExtensionService#_doActivateExtension vscode.merge-conflict {"startup":true,"activationEvent":"*"}
[2019-02-04 13:15:54.267] [exthost] [info] ExtensionService#loadCommonJSModule /usr/share/code/resources/app/extensions/merge-conflict/dist/extension
[2019-02-04 13:15:54.269] [exthost] [info] ExtensionService#_doActivateExtension Equinusocio.vsc-material-theme {"startup":true,"activationEvent":"*"}
[2019-02-04 13:15:54.269] [exthost] [info] ExtensionService#loadCommonJSModule /home/t0thkr1s/.vscode/extensions/equinusocio.vsc-material-theme-2.6.3/extensions/material.theme.config.js
[2019-02-04 13:15:54.279] [exthost] [info] ExtensionService#_doActivateExtension PKief.material-icon-theme {"startup":true,"activationEvent":"*"}
[2019-02-04 13:15:54.279] [exthost] [info] ExtensionService#loadCommonJSModule /home/t0thkr1s/.vscode/extensions/pkief.material-icon-theme-3.6.2/out/src/extension
[2019-02-04 13:15:54.322] [exthost] [info] ExtensionService#_doActivateExtension Shan.code-settings-sync {"startup":true,"activationEvent":"*"}
[2019-02-04 13:15:54.322] [exthost] [info] ExtensionService#loadCommonJSModule /home/t0thkr1s/.vscode/extensions/shan.code-settings-sync-3.2.4/out/extension.js
[2019-02-04 13:15:54.369] [exthost] [info] ExtensionService#_doActivateExtension WakaTime.vscode-wakatime {"startup":true,"activationEvent":"*"}
[2019-02-04 13:15:54.369] [exthost] [info] ExtensionService#loadCommonJSModule /home/t0thkr1s/.vscode/extensions/wakatime.vscode-wakatime-1.2.5/out/extension
[2019-02-04 13:15:54.371] [exthost] [info] ExtensionService#_doActivateExtension James-Yu.latex-workshop {"startup":false,"activationEvent":"onLanguage:latex"}
[2019-02-04 13:15:54.371] [exthost] [info] ExtensionService#loadCommonJSModule /home/t0thkr1s/.vscode/extensions/james-yu.latex-workshop-5.21.0/out/src/main.js
[2019-02-04 13:15:54.412] [exthost] [info] eager extensions activated
[2019-02-04 13:16:13.809] [exthost] [info] extension host started
[2019-02-04 13:16:13.892] [exthost] [info] ExtensionService#_doActivateExtension vscode.debug-auto-launch {"startup":true,"activationEvent":"*"}
[2019-02-04 13:16:13.892] [exthost] [info] ExtensionService#loadCommonJSModule /usr/share/code/resources/app/extensions/debug-auto-launch/dist/extension
[2019-02-04 13:16:13.895] [exthost] [info] ExtensionService#_doActivateExtension vscode.emmet {"startup":true,"activationEvent":"*"}
[2019-02-04 13:16:13.895] [exthost] [info] ExtensionService#loadCommonJSModule /usr/share/code/resources/app/extensions/emmet/dist/extension
[2019-02-04 13:16:13.902] [exthost] [info] ExtensionService#_doActivateExtension vscode.git {"startup":true,"activationEvent":"*"}
[2019-02-04 13:16:13.902] [exthost] [info] ExtensionService#loadCommonJSModule /usr/share/code/resources/app/extensions/git/dist/main
[2019-02-04 13:16:13.946] [exthost] [info] ExtensionService#_doActivateExtension vscode.merge-conflict {"startup":true,"activationEvent":"*"}
[2019-02-04 13:16:13.946] [exthost] [info] ExtensionService#loadCommonJSModule /usr/share/code/resources/app/extensions/merge-conflict/dist/extension
[2019-02-04 13:16:13.948] [exthost] [info] ExtensionService#_doActivateExtension Equinusocio.vsc-material-theme {"startup":true,"activationEvent":"*"}
[2019-02-04 13:16:13.948] [exthost] [info] ExtensionService#loadCommonJSModule /home/t0thkr1s/.vscode/extensions/equinusocio.vsc-material-theme-2.6.3/extensions/material.theme.config.js
[2019-02-04 13:16:13.961] [exthost] [info] ExtensionService#_doActivateExtension PKief.material-icon-theme {"startup":true,"activationEvent":"*"}
[2019-02-04 13:16:13.961] [exthost] [info] ExtensionService#loadCommonJSModule /home/t0thkr1s/.vscode/extensions/pkief.material-icon-theme-3.6.2/out/src/extension
[2019-02-04 13:16:13.996] [exthost] [info] ExtensionService#_doActivateExtension WakaTime.vscode-wakatime {"startup":true,"activationEvent":"*"}
[2019-02-04 13:16:13.996] [exthost] [info] ExtensionService#loadCommonJSModule /home/t0thkr1s/.vscode/extensions/wakatime.vscode-wakatime-1.2.5/out/extension
[2019-02-04 13:16:13.999] [exthost] [info] ExtensionService#_doActivateExtension James-Yu.latex-workshop {"startup":false,"activationEvent":"onLanguage:latex"}
[2019-02-04 13:16:13.999] [exthost] [info] ExtensionService#loadCommonJSModule /home/t0thkr1s/.vscode/extensions/james-yu.latex-workshop-5.21.0/out/src/main.js
[2019-02-04 13:16:14.033] [exthost] [info] eager extensions activated
[2019-02-04 13:16:53.241] [exthost] [info] ExtensionService#_doActivateExtension vscode.configuration-editing {"startup":false,"activationEvent":"onLanguage:jsonc"}
[2019-02-04 13:16:53.241] [exthost] [info] ExtensionService#loadCommonJSModule /usr/share/code/resources/app/extensions/configuration-editing/dist/extension
[2019-02-04 13:16:53.246] [exthost] [info] ExtensionService#_doActivateExtension vscode.json-language-features {"startup":false,"activationEvent":"onLanguage:jsonc"}
[2019-02-04 13:16:53.246] [exthost] [info] ExtensionService#loadCommonJSModule /usr/share/code/resources/app/extensions/json-language-features/client/dist/jsonMain
[2019-02-04 13:16:53.261] [exthost] [info] ExtensionService#_doActivateExtension vscode.typescript-language-features {"startup":false,"activationEvent":"onLanguage:jsonc"}
[2019-02-04 13:16:53.261] [exthost] [info] ExtensionService#loadCommonJSModule /usr/share/code/resources/app/extensions/typescript-language-features/dist/extension
