[15:34:08] Initializing LaTeX Workshop.
[15:34:08] Creating LaTeX Workshop http and websocket server.
[15:34:08] LaTeX Workshop initialized.
[15:34:08] Found root file from active editor: /home/t0thkr1s/Downloads/LaTeX beadandó/masodik/document.tex
[15:34:09] Root file changed from: undefined. Find all dependencies.
[15:34:09] Instatiating new file watcher for /home/t0thkr1s/Downloads/LaTeX beadandó/masodik/document.tex
[15:34:09] Parsing /home/t0thkr1s/Downloads/LaTeX beadandó/masodik/document.tex
[15:34:09] Server created on 127.0.0.1:39465
[15:34:09] Snippet data loaded.
[15:34:09] LaTeX Workshop version: 5.21.0
[15:34:32] VIEW command invoked.
[15:34:32] Found root file from active editor: /home/t0thkr1s/Downloads/LaTeX beadandó/masodik/document.tex
[15:34:32] Root file remains unchanged from: /home/t0thkr1s/Downloads/LaTeX beadandó/masodik/document.tex.
[15:34:35] Serving PDF file at http://127.0.0.1:39465/viewer.html?file=/pdf:%25252Fhome%25252Ft0thkr1s%25252FDownloads%25252FLaTeX%252520beadand%2525C3%2525B3%25252Fmasodik%25252Fdocument.pdf
[15:34:35] Open PDF tab for /home/t0thkr1s/Downloads/LaTeX beadandó/masodik/document.pdf
[15:34:36] Preview PDF file: /home/t0thkr1s/Downloads/LaTeX beadandó/masodik/document.pdf
[18:50:01] File watcher: responding to change in /home/t0thkr1s/Downloads/LaTeX beadandó/masodik/document.tex
[18:50:01] Parsing /home/t0thkr1s/Downloads/LaTeX beadandó/masodik/document.tex
[18:50:01] Auto-build /home/t0thkr1s/Downloads/LaTeX beadandó/masodik/document.tex upon save.
[18:50:01] BUILD command invoked.
[18:50:01] Found root file from active editor: /home/t0thkr1s/Downloads/LaTeX beadandó/masodik/document.tex
[18:50:01] Root file remains unchanged from: /home/t0thkr1s/Downloads/LaTeX beadandó/masodik/document.tex.
[18:50:01] Building root file: /home/t0thkr1s/Downloads/LaTeX beadandó/masodik/document.tex
[18:50:01] Build root file /home/t0thkr1s/Downloads/LaTeX beadandó/masodik/document.tex
[18:50:01] Recipe step 1: latexmk, -synctex=1,-interaction=nonstopmode,-file-line-error,-pdf,-outdir=/home/t0thkr1s/Downloads/LaTeX beadandó/masodik,/home/t0thkr1s/Downloads/LaTeX beadandó/masodik/document
[18:50:02] LaTeX log parsed with 3 messages.
[18:50:02] Recipe of length 1 finished.
[18:50:02] Successfully built /home/t0thkr1s/Downloads/LaTeX beadandó/masodik/document.tex
[18:50:02] Refresh PDF viewer for /home/t0thkr1s/Downloads/LaTeX beadandó/masodik/document.pdf
[18:50:02] Preview PDF file: /home/t0thkr1s/Downloads/LaTeX beadandó/masodik/document.pdf
