[2019-02-04 14:54:52.947] [renderer1] [info] no standard startup: not the explorer viewlet
[2019-02-04 14:55:03.788] [renderer1] [error] Unable to write to Workspace Settings because no workspace is opened. Please open a workspace first and try again.: Error: Unable to write to Workspace Settings because no workspace is opened. Please open a workspace first and try again.
    at new t (file:///usr/share/code/resources/app/out/vs/workbench/workbench.main.js:4309:970)
    at e.wrapError (file:///usr/share/code/resources/app/out/vs/workbench/workbench.main.js:4313:749)
    at e.resolveAndValidate (file:///usr/share/code/resources/app/out/vs/workbench/workbench.main.js:4316:445)
    at e.doWriteConfiguration (file:///usr/share/code/resources/app/out/vs/workbench/workbench.main.js:4310:799)
    at Object.factory (file:///usr/share/code/resources/app/out/vs/workbench/workbench.main.js:4310:537)
    at t.e.consume (file:///usr/share/code/resources/app/out/vs/workbench/workbench.main.js:224:170)
    at e.queue (file:///usr/share/code/resources/app/out/vs/workbench/workbench.main.js:223:927)
    at new Promise (<anonymous>)
    at t.e.queue (file:///usr/share/code/resources/app/out/vs/workbench/workbench.main.js:223:851)
    at e.writeConfiguration (file:///usr/share/code/resources/app/out/vs/workbench/workbench.main.js:4310:511)
    at t.writeConfigurationValue (file:///usr/share/code/resources/app/out/vs/workbench/workbench.main.js:4335:708)
    at t.updateValue (file:///usr/share/code/resources/app/out/vs/workbench/workbench.main.js:4326:180)
    at e.writeConfiguration (file:///usr/share/code/resources/app/out/vs/workbench/workbench.main.js:3315:696)
    at e.$updateConfigurationOption (file:///usr/share/code/resources/app/out/vs/workbench/workbench.main.js:3315:394)
    at t._doInvokeHandler (file:///usr/share/code/resources/app/out/vs/workbench/workbench.main.js:3392:357)
    at t._invokeHandler (file:///usr/share/code/resources/app/out/vs/workbench/workbench.main.js:3392:29)
    at t._receiveRequest (file:///usr/share/code/resources/app/out/vs/workbench/workbench.main.js:3390:658)
    at t._receiveOneMessage (file:///usr/share/code/resources/app/out/vs/workbench/workbench.main.js:3389:557)
    at file:///usr/share/code/resources/app/out/vs/workbench/workbench.main.js:3387:399
    at e.fire (file:///usr/share/code/resources/app/out/vs/workbench/workbench.main.js:189:512)
    at a (file:///usr/share/code/resources/app/out/vs/workbench/workbench.main.js:350:213)
    at Socket.n._socketDataListener (file:///usr/share/code/resources/app/out/vs/workbench/workbench.main.js:350:434)
    at emitOne (events.js:116:13)
    at Socket.emit (events.js:211:7)
    at addChunk (_stream_readable.js:263:12)
    at readableAddChunk (_stream_readable.js:250:11)
    at Socket.Readable.push (_stream_readable.js:208:10)
    at Pipe.onread (net.js:594:20)
[2019-02-04 14:59:31.777] [renderer1] [info] no standard startup: not a new window
[2019-02-04 14:59:35.991] [renderer1] [error] Unable to write to Workspace Settings because no workspace is opened. Please open a workspace first and try again.: Error: Unable to write to Workspace Settings because no workspace is opened. Please open a workspace first and try again.
    at new t (file:///usr/share/code/resources/app/out/vs/workbench/workbench.main.js:4309:970)
    at e.wrapError (file:///usr/share/code/resources/app/out/vs/workbench/workbench.main.js:4313:749)
    at e.resolveAndValidate (file:///usr/share/code/resources/app/out/vs/workbench/workbench.main.js:4316:445)
    at e.doWriteConfiguration (file:///usr/share/code/resources/app/out/vs/workbench/workbench.main.js:4310:799)
    at Object.factory (file:///usr/share/code/resources/app/out/vs/workbench/workbench.main.js:4310:537)
    at t.e.consume (file:///usr/share/code/resources/app/out/vs/workbench/workbench.main.js:224:170)
    at e.queue (file:///usr/share/code/resources/app/out/vs/workbench/workbench.main.js:223:927)
    at new Promise (<anonymous>)
    at t.e.queue (file:///usr/share/code/resources/app/out/vs/workbench/workbench.main.js:223:851)
    at e.writeConfiguration (file:///usr/share/code/resources/app/out/vs/workbench/workbench.main.js:4310:511)
    at t.writeConfigurationValue (file:///usr/share/code/resources/app/out/vs/workbench/workbench.main.js:4335:708)
    at t.updateValue (file:///usr/share/code/resources/app/out/vs/workbench/workbench.main.js:4326:180)
    at e.writeConfiguration (file:///usr/share/code/resources/app/out/vs/workbench/workbench.main.js:3315:696)
    at e.$updateConfigurationOption (file:///usr/share/code/resources/app/out/vs/workbench/workbench.main.js:3315:394)
    at t._doInvokeHandler (file:///usr/share/code/resources/app/out/vs/workbench/workbench.main.js:3392:357)
    at t._invokeHandler (file:///usr/share/code/resources/app/out/vs/workbench/workbench.main.js:3392:29)
    at t._receiveRequest (file:///usr/share/code/resources/app/out/vs/workbench/workbench.main.js:3390:658)
    at t._receiveOneMessage (file:///usr/share/code/resources/app/out/vs/workbench/workbench.main.js:3389:557)
    at file:///usr/share/code/resources/app/out/vs/workbench/workbench.main.js:3387:399
    at e.fire (file:///usr/share/code/resources/app/out/vs/workbench/workbench.main.js:189:512)
    at a (file:///usr/share/code/resources/app/out/vs/workbench/workbench.main.js:350:213)
    at Socket.n._socketDataListener (file:///usr/share/code/resources/app/out/vs/workbench/workbench.main.js:350:434)
    at emitOne (events.js:116:13)
    at Socket.emit (events.js:211:7)
    at addChunk (_stream_readable.js:263:12)
    at readableAddChunk (_stream_readable.js:250:11)
    at Socket.Readable.push (_stream_readable.js:208:10)
    at Pipe.onread (net.js:594:20)
[2019-02-04 15:03:24.399] [renderer1] [info] no standard startup: not just one text editor
[2019-02-04 15:04:08.153] [renderer1] [error] spawn shfmt ENOENT: Error: spawn shfmt ENOENT
	at _errnoException (util.js:1024:11)
	at Process.__dirname.ChildProcess._handle.onexit (internal/child_process.js:190:19)
	at onErrorNT (internal/child_process.js:372:16)
	at _combinedTickCallback (internal/process/next_tick.js:138:11)
	at process._tickCallback (internal/process/next_tick.js:180:9)
[2019-02-04 15:04:13.298] [renderer1] [error] spawn shfmt ENOENT: Error: spawn shfmt ENOENT
	at _errnoException (util.js:1024:11)
	at Process.__dirname.ChildProcess._handle.onexit (internal/child_process.js:190:19)
	at onErrorNT (internal/child_process.js:372:16)
	at _combinedTickCallback (internal/process/next_tick.js:138:11)
	at process._tickCallback (internal/process/next_tick.js:180:9)
[2019-02-04 15:04:50.092] [renderer1] [error] spawn shfmt ENOENT: Error: spawn shfmt ENOENT
	at _errnoException (util.js:1024:11)
	at Process.__dirname.ChildProcess._handle.onexit (internal/child_process.js:190:19)
	at onErrorNT (internal/child_process.js:372:16)
	at _combinedTickCallback (internal/process/next_tick.js:138:11)
	at process._tickCallback (internal/process/next_tick.js:180:9)
